[12-Jan-2017 14:07:58 Europe/Berlin] PHP Notice:  Undefined index: p in C:\htdocs\BookStore\index.php on line 23
[12-Jan-2017 14:07:58 Europe/Berlin] PHP Notice:  Undefined index: author_name in C:\htdocs\BookStore\inc\stmt.php on line 38
[12-Jan-2017 14:08:02 Europe/Berlin] PHP Warning:  require_once(../inc/stmt.php): failed to open stream: No such file or directory in C:\htdocs\BookStore\temp\authors.php on line 28
[12-Jan-2017 14:08:02 Europe/Berlin] PHP Fatal error:  require_once(): Failed opening required '../inc/stmt.php' (include_path='C:\xampp\php\pear\PEAR') in C:\htdocs\BookStore\temp\authors.php on line 28
[12-Jan-2017 14:08:02 Europe/Berlin] PHP Warning:  require_once(maintenance.php): failed to open stream: No such file or directory in C:\htdocs\BookStore\index.php on line 16
[12-Jan-2017 14:08:02 Europe/Berlin] PHP Fatal error:  require_once(): Failed opening required 'maintenance.php' (include_path='C:\xampp\php\pear\PEAR') in C:\htdocs\BookStore\index.php on line 16
[12-Jan-2017 14:08:17 Europe/Berlin] PHP Notice:  Undefined index: author_name in C:\htdocs\BookStore\inc\stmt.php on line 38
[12-Jan-2017 14:08:38 Europe/Berlin] PHP Notice:  Undefined index: author_name in C:\htdocs\BookStore\inc\stmt.php on line 38
[12-Jan-2017 14:09:07 Europe/Berlin] PHP Notice:  Undefined index: author_name in C:\htdocs\BookStore\inc\stmt.php on line 38
[12-Jan-2017 14:09:10 Europe/Berlin] PHP Notice:  Undefined index: author_name in C:\htdocs\BookStore\inc\stmt.php on line 38
[12-Jan-2017 14:09:27 Europe/Berlin] PHP Notice:  Undefined index: author_name in C:\htdocs\BookStore\inc\stmt.php on line 38
[12-Jan-2017 14:09:31 Europe/Berlin] PHP Notice:  Undefined index: author_name in C:\htdocs\BookStore\inc\stmt.php on line 38
[12-Jan-2017 14:10:48 Europe/Berlin] PHP Notice:  Undefined index: author_name in C:\htdocs\BookStore\inc\stmt.php on line 38
[12-Jan-2017 14:10:50 Europe/Berlin] PHP Notice:  Undefined index: author_name in C:\htdocs\BookStore\inc\stmt.php on line 38
[12-Jan-2017 14:10:51 Europe/Berlin] PHP Notice:  Undefined index: author_name in C:\htdocs\BookStore\inc\stmt.php on line 38
[12-Jan-2017 14:10:53 Europe/Berlin] PHP Warning:  require_once(../inc/stmt.php): failed to open stream: No such file or directory in C:\htdocs\BookStore\temp\authors.php on line 28
[12-Jan-2017 14:10:53 Europe/Berlin] PHP Fatal error:  require_once(): Failed opening required '../inc/stmt.php' (include_path='C:\xampp\php\pear\PEAR') in C:\htdocs\BookStore\temp\authors.php on line 28
[12-Jan-2017 14:10:53 Europe/Berlin] PHP Warning:  require_once(maintenance.php): failed to open stream: No such file or directory in C:\htdocs\BookStore\index.php on line 16
[12-Jan-2017 14:10:53 Europe/Berlin] PHP Fatal error:  require_once(): Failed opening required 'maintenance.php' (include_path='C:\xampp\php\pear\PEAR') in C:\htdocs\BookStore\index.php on line 16
[12-Jan-2017 14:10:55 Europe/Berlin] PHP Notice:  Undefined index: p in C:\htdocs\BookStore\index.php on line 23
[12-Jan-2017 14:10:55 Europe/Berlin] PHP Notice:  Undefined index: author_name in C:\htdocs\BookStore\inc\stmt.php on line 38
[12-Jan-2017 14:10:57 Europe/Berlin] PHP Warning:  require_once(../inc/stmt.php): failed to open stream: No such file or directory in C:\htdocs\BookStore\temp\authors.php on line 28
[12-Jan-2017 14:10:57 Europe/Berlin] PHP Fatal error:  require_once(): Failed opening required '../inc/stmt.php' (include_path='C:\xampp\php\pear\PEAR') in C:\htdocs\BookStore\temp\authors.php on line 28
[12-Jan-2017 14:10:57 Europe/Berlin] PHP Warning:  require_once(maintenance.php): failed to open stream: No such file or directory in C:\htdocs\BookStore\index.php on line 16
[12-Jan-2017 14:10:57 Europe/Berlin] PHP Fatal error:  require_once(): Failed opening required 'maintenance.php' (include_path='C:\xampp\php\pear\PEAR') in C:\htdocs\BookStore\index.php on line 16
[12-Jan-2017 14:12:09 Europe/Berlin] PHP Warning:  require_once(../inc/stmt.php): failed to open stream: No such file or directory in C:\htdocs\BookStore\temp\authors.php on line 28
[12-Jan-2017 14:12:09 Europe/Berlin] PHP Fatal error:  require_once(): Failed opening required '../inc/stmt.php' (include_path='C:\xampp\php\pear\PEAR') in C:\htdocs\BookStore\temp\authors.php on line 28
[12-Jan-2017 14:12:09 Europe/Berlin] PHP Warning:  require_once(maintenance.php): failed to open stream: No such file or directory in C:\htdocs\BookStore\index.php on line 16
[12-Jan-2017 14:12:09 Europe/Berlin] PHP Fatal error:  require_once(): Failed opening required 'maintenance.php' (include_path='C:\xampp\php\pear\PEAR') in C:\htdocs\BookStore\index.php on line 16
[12-Jan-2017 14:12:46 Europe/Berlin] PHP Warning:  require_once(../inc/stmt.php): failed to open stream: No such file or directory in C:\htdocs\BookStore\temp\authors.php on line 28
[12-Jan-2017 14:12:46 Europe/Berlin] PHP Fatal error:  require_once(): Failed opening required '../inc/stmt.php' (include_path='C:\xampp\php\pear\PEAR') in C:\htdocs\BookStore\temp\authors.php on line 28
[12-Jan-2017 14:12:46 Europe/Berlin] PHP Warning:  require_once(maintenance.php): failed to open stream: No such file or directory in C:\htdocs\BookStore\index.php on line 16
[12-Jan-2017 14:12:46 Europe/Berlin] PHP Fatal error:  require_once(): Failed opening required 'maintenance.php' (include_path='C:\xampp\php\pear\PEAR') in C:\htdocs\BookStore\index.php on line 16
[12-Jan-2017 14:13:19 Europe/Berlin] PHP Warning:  require_once(../inc/stmt.php): failed to open stream: No such file or directory in C:\htdocs\BookStore\temp\authors.php on line 28
[12-Jan-2017 14:13:19 Europe/Berlin] PHP Fatal error:  require_once(): Failed opening required '../inc/stmt.php' (include_path='C:\xampp\php\pear\PEAR') in C:\htdocs\BookStore\temp\authors.php on line 28
[12-Jan-2017 14:13:19 Europe/Berlin] PHP Warning:  require_once(maintenance.php): failed to open stream: No such file or directory in C:\htdocs\BookStore\index.php on line 16
[12-Jan-2017 14:13:19 Europe/Berlin] PHP Fatal error:  require_once(): Failed opening required 'maintenance.php' (include_path='C:\xampp\php\pear\PEAR') in C:\htdocs\BookStore\index.php on line 16
[12-Jan-2017 14:13:22 Europe/Berlin] PHP Notice:  Undefined index: p in C:\htdocs\BookStore\index.php on line 23
[12-Jan-2017 14:14:06 Europe/Berlin] PHP Warning:  require_once(../inc/stmt.php): failed to open stream: No such file or directory in C:\htdocs\BookStore\temp\authors.php on line 28
[12-Jan-2017 14:14:06 Europe/Berlin] PHP Fatal error:  require_once(): Failed opening required '../inc/stmt.php' (include_path='C:\xampp\php\pear\PEAR') in C:\htdocs\BookStore\temp\authors.php on line 28
[12-Jan-2017 14:14:06 Europe/Berlin] PHP Warning:  require_once(maintenance.php): failed to open stream: No such file or directory in C:\htdocs\BookStore\index.php on line 16
[12-Jan-2017 14:14:06 Europe/Berlin] PHP Fatal error:  require_once(): Failed opening required 'maintenance.php' (include_path='C:\xampp\php\pear\PEAR') in C:\htdocs\BookStore\index.php on line 16
[12-Jan-2017 14:14:13 Europe/Berlin] PHP Notice:  Undefined index: p in C:\htdocs\BookStore\index.php on line 23
[12-Jan-2017 14:14:32 Europe/Berlin] PHP Notice:  Undefined index: author_name in C:\htdocs\BookStore\inc\stmt.php on line 38
[12-Jan-2017 14:14:38 Europe/Berlin] PHP Warning:  require_once(../inc/stmt.php): failed to open stream: No such file or directory in C:\htdocs\BookStore\temp\authors.php on line 28
[12-Jan-2017 14:14:38 Europe/Berlin] PHP Fatal error:  require_once(): Failed opening required '../inc/stmt.php' (include_path='C:\xampp\php\pear\PEAR') in C:\htdocs\BookStore\temp\authors.php on line 28
[12-Jan-2017 14:14:38 Europe/Berlin] PHP Warning:  require_once(maintenance.php): failed to open stream: No such file or directory in C:\htdocs\BookStore\index.php on line 16
[12-Jan-2017 14:14:38 Europe/Berlin] PHP Fatal error:  require_once(): Failed opening required 'maintenance.php' (include_path='C:\xampp\php\pear\PEAR') in C:\htdocs\BookStore\index.php on line 16
[12-Jan-2017 14:15:56 Europe/Berlin] PHP Warning:  require_once(../inc/stmt.php): failed to open stream: No such file or directory in C:\htdocs\BookStore\temp\authors.php on line 28
[12-Jan-2017 14:15:56 Europe/Berlin] PHP Fatal error:  require_once(): Failed opening required '../inc/stmt.php' (include_path='C:\xampp\php\pear\PEAR') in C:\htdocs\BookStore\temp\authors.php on line 28
[12-Jan-2017 14:15:56 Europe/Berlin] PHP Warning:  require_once(maintenance.php): failed to open stream: No such file or directory in C:\htdocs\BookStore\index.php on line 16
[12-Jan-2017 14:15:56 Europe/Berlin] PHP Fatal error:  require_once(): Failed opening required 'maintenance.php' (include_path='C:\xampp\php\pear\PEAR') in C:\htdocs\BookStore\index.php on line 16
[12-Jan-2017 14:16:44 Europe/Berlin] PHP Warning:  require_once(../inc/stmt.php): failed to open stream: No such file or directory in C:\htdocs\BookStore\temp\authors.php on line 28
[12-Jan-2017 14:16:44 Europe/Berlin] PHP Fatal error:  require_once(): Failed opening required '../inc/stmt.php' (include_path='C:\xampp\php\pear\PEAR') in C:\htdocs\BookStore\temp\authors.php on line 28
[12-Jan-2017 14:16:44 Europe/Berlin] PHP Warning:  require_once(maintenance.php): failed to open stream: No such file or directory in C:\htdocs\BookStore\index.php on line 16
[12-Jan-2017 14:16:44 Europe/Berlin] PHP Fatal error:  require_once(): Failed opening required 'maintenance.php' (include_path='C:\xampp\php\pear\PEAR') in C:\htdocs\BookStore\index.php on line 16
[12-Jan-2017 14:17:40 Europe/Berlin] PHP Warning:  require_once(../inc/stmt.php): failed to open stream: No such file or directory in C:\htdocs\BookStore\temp\authors.php on line 28
[12-Jan-2017 14:17:40 Europe/Berlin] PHP Fatal error:  require_once(): Failed opening required '../inc/stmt.php' (include_path='C:\xampp\php\pear\PEAR') in C:\htdocs\BookStore\temp\authors.php on line 28
[12-Jan-2017 14:17:40 Europe/Berlin] PHP Warning:  require_once(maintenance.php): failed to open stream: No such file or directory in C:\htdocs\BookStore\index.php on line 16
[12-Jan-2017 14:17:40 Europe/Berlin] PHP Fatal error:  require_once(): Failed opening required 'maintenance.php' (include_path='C:\xampp\php\pear\PEAR') in C:\htdocs\BookStore\index.php on line 16
[12-Jan-2017 14:17:42 Europe/Berlin] PHP Warning:  require_once(../inc/stmt.php): failed to open stream: No such file or directory in C:\htdocs\BookStore\temp\authors.php on line 28
[12-Jan-2017 14:17:42 Europe/Berlin] PHP Fatal error:  require_once(): Failed opening required '../inc/stmt.php' (include_path='C:\xampp\php\pear\PEAR') in C:\htdocs\BookStore\temp\authors.php on line 28
[12-Jan-2017 14:17:42 Europe/Berlin] PHP Warning:  require_once(maintenance.php): failed to open stream: No such file or directory in C:\htdocs\BookStore\index.php on line 16
[12-Jan-2017 14:17:42 Europe/Berlin] PHP Fatal error:  require_once(): Failed opening required 'maintenance.php' (include_path='C:\xampp\php\pear\PEAR') in C:\htdocs\BookStore\index.php on line 16
[12-Jan-2017 14:17:42 Europe/Berlin] PHP Warning:  require_once(../inc/stmt.php): failed to open stream: No such file or directory in C:\htdocs\BookStore\temp\authors.php on line 28
[12-Jan-2017 14:17:42 Europe/Berlin] PHP Fatal error:  require_once(): Failed opening required '../inc/stmt.php' (include_path='C:\xampp\php\pear\PEAR') in C:\htdocs\BookStore\temp\authors.php on line 28
[12-Jan-2017 14:17:42 Europe/Berlin] PHP Warning:  require_once(maintenance.php): failed to open stream: No such file or directory in C:\htdocs\BookStore\index.php on line 16
[12-Jan-2017 14:17:42 Europe/Berlin] PHP Fatal error:  require_once(): Failed opening required 'maintenance.php' (include_path='C:\xampp\php\pear\PEAR') in C:\htdocs\BookStore\index.php on line 16
[12-Jan-2017 14:17:42 Europe/Berlin] PHP Warning:  require_once(../inc/stmt.php): failed to open stream: No such file or directory in C:\htdocs\BookStore\temp\authors.php on line 28
[12-Jan-2017 14:17:42 Europe/Berlin] PHP Fatal error:  require_once(): Failed opening required '../inc/stmt.php' (include_path='C:\xampp\php\pear\PEAR') in C:\htdocs\BookStore\temp\authors.php on line 28
[12-Jan-2017 14:17:42 Europe/Berlin] PHP Warning:  require_once(maintenance.php): failed to open stream: No such file or directory in C:\htdocs\BookStore\index.php on line 16
[12-Jan-2017 14:17:42 Europe/Berlin] PHP Fatal error:  require_once(): Failed opening required 'maintenance.php' (include_path='C:\xampp\php\pear\PEAR') in C:\htdocs\BookStore\index.php on line 16
[12-Jan-2017 14:17:46 Europe/Berlin] PHP Warning:  require_once(../inc/stmt.php): failed to open stream: No such file or directory in C:\htdocs\BookStore\temp\authors.php on line 28
[12-Jan-2017 14:17:46 Europe/Berlin] PHP Fatal error:  require_once(): Failed opening required '../inc/stmt.php' (include_path='C:\xampp\php\pear\PEAR') in C:\htdocs\BookStore\temp\authors.php on line 28
[12-Jan-2017 14:17:46 Europe/Berlin] PHP Warning:  require_once(maintenance.php): failed to open stream: No such file or directory in C:\htdocs\BookStore\index.php on line 16
[12-Jan-2017 14:17:46 Europe/Berlin] PHP Fatal error:  require_once(): Failed opening required 'maintenance.php' (include_path='C:\xampp\php\pear\PEAR') in C:\htdocs\BookStore\index.php on line 16
[12-Jan-2017 14:17:48 Europe/Berlin] PHP Warning:  require_once(../inc/stmt.php): failed to open stream: No such file or directory in C:\htdocs\BookStore\temp\authors.php on line 28
[12-Jan-2017 14:17:48 Europe/Berlin] PHP Fatal error:  require_once(): Failed opening required '../inc/stmt.php' (include_path='C:\xampp\php\pear\PEAR') in C:\htdocs\BookStore\temp\authors.php on line 28
[12-Jan-2017 14:17:48 Europe/Berlin] PHP Warning:  require_once(maintenance.php): failed to open stream: No such file or directory in C:\htdocs\BookStore\index.php on line 16
[12-Jan-2017 14:17:48 Europe/Berlin] PHP Fatal error:  require_once(): Failed opening required 'maintenance.php' (include_path='C:\xampp\php\pear\PEAR') in C:\htdocs\BookStore\index.php on line 16
[12-Jan-2017 14:18:08 Europe/Berlin] PHP Warning:  require_once(../inc/stmt.php): failed to open stream: No such file or directory in C:\htdocs\BookStore\temp\authors.php on line 28
[12-Jan-2017 14:18:08 Europe/Berlin] PHP Fatal error:  require_once(): Failed opening required '../inc/stmt.php' (include_path='C:\xampp\php\pear\PEAR') in C:\htdocs\BookStore\temp\authors.php on line 28
[12-Jan-2017 14:18:08 Europe/Berlin] PHP Warning:  require_once(maintenance.php): failed to open stream: No such file or directory in C:\htdocs\BookStore\index.php on line 16
[12-Jan-2017 14:18:08 Europe/Berlin] PHP Fatal error:  require_once(): Failed opening required 'maintenance.php' (include_path='C:\xampp\php\pear\PEAR') in C:\htdocs\BookStore\index.php on line 16
[12-Jan-2017 14:20:33 Europe/Berlin] PHP Warning:  require_once(../inc/stmt.php): failed to open stream: No such file or directory in C:\htdocs\BookStore\temp\authors.php on line 28
[12-Jan-2017 14:20:33 Europe/Berlin] PHP Fatal error:  require_once(): Failed opening required '../inc/stmt.php' (include_path='C:\xampp\php\pear\PEAR') in C:\htdocs\BookStore\temp\authors.php on line 28
[12-Jan-2017 14:20:33 Europe/Berlin] PHP Warning:  require_once(maintenance.php): failed to open stream: No such file or directory in C:\htdocs\BookStore\index.php on line 16
[12-Jan-2017 14:20:33 Europe/Berlin] PHP Fatal error:  require_once(): Failed opening required 'maintenance.php' (include_path='C:\xampp\php\pear\PEAR') in C:\htdocs\BookStore\index.php on line 16
[12-Jan-2017 14:21:45 Europe/Berlin] PHP Notice:  Undefined index: author_name in C:\htdocs\BookStore\inc\stmt.php on line 38
[12-Jan-2017 14:21:45 Europe/Berlin] PHP Notice:  Undefined index: author_name in C:\htdocs\BookStore\temp\authors.php on line 39
[12-Jan-2017 14:22:25 Europe/Berlin] PHP Notice:  Undefined index: author_name in C:\htdocs\BookStore\inc\stmt.php on line 38
[12-Jan-2017 14:22:25 Europe/Berlin] PHP Notice:  Undefined index: author_name in C:\htdocs\BookStore\temp\authors.php on line 31
[12-Jan-2017 14:22:31 Europe/Berlin] PHP Notice:  Undefined index: p in C:\htdocs\BookStore\index.php on line 23
[12-Jan-2017 14:22:31 Europe/Berlin] PHP Notice:  Undefined index: author_name in C:\htdocs\BookStore\inc\stmt.php on line 38
[12-Jan-2017 14:22:33 Europe/Berlin] PHP Notice:  Undefined index: author_name in C:\htdocs\BookStore\inc\stmt.php on line 38
[12-Jan-2017 14:22:33 Europe/Berlin] PHP Notice:  Undefined index: author_name in C:\htdocs\BookStore\temp\authors.php on line 31
[12-Jan-2017 14:23:08 Europe/Berlin] PHP Notice:  Undefined index: author_name in C:\htdocs\BookStore\inc\stmt.php on line 38
[12-Jan-2017 14:23:08 Europe/Berlin] PHP Notice:  Undefined index: author_name in C:\htdocs\BookStore\temp\authors.php on line 32
[12-Jan-2017 14:23:17 Europe/Berlin] PHP Notice:  Undefined index: p in C:\htdocs\BookStore\index.php on line 23
[12-Jan-2017 14:23:38 Europe/Berlin] PHP Notice:  Undefined index: author_name in C:\htdocs\BookStore\inc\stmt.php on line 38
[12-Jan-2017 14:23:38 Europe/Berlin] PHP Notice:  Undefined index: author_name in C:\htdocs\BookStore\temp\authors.php on line 32
[12-Jan-2017 14:24:00 Europe/Berlin] PHP Notice:  Undefined index: p in C:\htdocs\BookStore\index.php on line 23
[12-Jan-2017 14:25:39 Europe/Berlin] PHP Notice:  Undefined index: author_name in C:\htdocs\BookStore\inc\stmt.php on line 38
[12-Jan-2017 14:25:39 Europe/Berlin] PHP Notice:  Undefined index: author_name in C:\htdocs\BookStore\temp\authors.php on line 32
[12-Jan-2017 14:26:36 Europe/Berlin] PHP Notice:  Undefined index: p in C:\htdocs\BookStore\index.php on line 23
[12-Jan-2017 14:26:36 Europe/Berlin] PHP Notice:  Undefined index: author_name in C:\htdocs\BookStore\inc\stmt.php on line 38
[12-Jan-2017 14:26:39 Europe/Berlin] PHP Notice:  Undefined index: author_name in C:\htdocs\BookStore\inc\stmt.php on line 38
[12-Jan-2017 14:26:39 Europe/Berlin] PHP Notice:  Undefined index: author_name in C:\htdocs\BookStore\temp\authors.php on line 32
[12-Jan-2017 14:30:03 Europe/Berlin] PHP Notice:  Undefined index: author_name in C:\htdocs\BookStore\inc\stmt.php on line 38
[12-Jan-2017 14:30:07 Europe/Berlin] PHP Notice:  Undefined index: author_name in C:\htdocs\BookStore\inc\stmt.php on line 38
[12-Jan-2017 14:30:09 Europe/Berlin] PHP Notice:  Undefined index: author_name in C:\htdocs\BookStore\inc\stmt.php on line 38
[12-Jan-2017 14:30:09 Europe/Berlin] PHP Notice:  Undefined index: author_name in C:\htdocs\BookStore\temp\authors.php on line 32
[12-Jan-2017 14:30:17 Europe/Berlin] PHP Notice:  Undefined index: p in C:\htdocs\BookStore\index.php on line 23
[12-Jan-2017 17:06:59 Europe/Berlin] PHP Notice:  Undefined index: author_name in C:\htdocs\BookStore\inc\stmt.php on line 38
[12-Jan-2017 17:07:01 Europe/Berlin] PHP Notice:  Undefined index: author_name in C:\htdocs\BookStore\inc\stmt.php on line 38
[12-Jan-2017 17:07:01 Europe/Berlin] PHP Notice:  Undefined index: author_name in C:\htdocs\BookStore\temp\authors.php on line 32
[12-Jan-2017 17:07:06 Europe/Berlin] PHP Notice:  Undefined index: p in C:\htdocs\BookStore\index.php on line 23
[12-Jan-2017 17:07:12 Europe/Berlin] PHP Notice:  Undefined index: author_name in C:\htdocs\BookStore\inc\stmt.php on line 38
[12-Jan-2017 17:07:12 Europe/Berlin] PHP Notice:  Undefined index: author_name in C:\htdocs\BookStore\temp\authors.php on line 32
[12-Jan-2017 17:11:54 Europe/Berlin] PHP Notice:  Undefined index: author_name in C:\htdocs\BookStore\inc\stmt.php on line 38
[12-Jan-2017 17:11:54 Europe/Berlin] PHP Notice:  Undefined index: author_name in C:\htdocs\BookStore\temp\authors.php on line 32
[12-Jan-2017 17:11:56 Europe/Berlin] PHP Notice:  Undefined index: p in C:\htdocs\BookStore\index.php on line 23
[12-Jan-2017 17:11:56 Europe/Berlin] PHP Notice:  Undefined index: author_name in C:\htdocs\BookStore\inc\stmt.php on line 38
[12-Jan-2017 17:12:18 Europe/Berlin] PHP Notice:  Undefined index: p in C:\htdocs\BookStore\index.php on line 23
[12-Jan-2017 17:12:18 Europe/Berlin] PHP Notice:  Undefined index: author_name in C:\htdocs\BookStore\inc\stmt.php on line 38
[12-Jan-2017 17:15:42 Europe/Berlin] PHP Notice:  Undefined index: author_name in C:\htdocs\BookStore\inc\stmt.php on line 38
[12-Jan-2017 17:15:42 Europe/Berlin] PHP Notice:  Undefined index: author_name in C:\htdocs\BookStore\temp\authors.php on line 32
[12-Jan-2017 17:15:45 Europe/Berlin] PHP Notice:  Undefined index: p in C:\htdocs\BookStore\index.php on line 23
[12-Jan-2017 17:15:53 Europe/Berlin] PHP Notice:  Undefined index: author_name in C:\htdocs\BookStore\inc\stmt.php on line 38
[12-Jan-2017 17:15:53 Europe/Berlin] PHP Notice:  Undefined index: author_name in C:\htdocs\BookStore\temp\authors.php on line 32
[12-Jan-2017 17:15:56 Europe/Berlin] PHP Notice:  Undefined index: p in C:\htdocs\BookStore\index.php on line 23
[12-Jan-2017 17:15:59 Europe/Berlin] PHP Notice:  Undefined index: author_name in C:\htdocs\BookStore\inc\stmt.php on line 38
[12-Jan-2017 17:15:59 Europe/Berlin] PHP Notice:  Undefined index: author_name in C:\htdocs\BookStore\temp\authors.php on line 32
[12-Jan-2017 17:17:35 Europe/Berlin] PHP Notice:  Undefined index: author_name in C:\htdocs\BookStore\inc\stmt.php on line 38
[12-Jan-2017 17:17:35 Europe/Berlin] PHP Notice:  Undefined index: author_name in C:\htdocs\BookStore\temp\authors.php on line 32
[12-Jan-2017 17:17:40 Europe/Berlin] PHP Notice:  Undefined index: p in C:\htdocs\BookStore\index.php on line 23
[12-Jan-2017 17:17:46 Europe/Berlin] PHP Notice:  Undefined index: author_name in C:\htdocs\BookStore\inc\stmt.php on line 38
[12-Jan-2017 17:17:46 Europe/Berlin] PHP Notice:  Undefined index: author_name in C:\htdocs\BookStore\temp\authors.php on line 32
[12-Jan-2017 17:18:04 Europe/Berlin] PHP Notice:  Undefined index: p in C:\htdocs\BookStore\index.php on line 23
[12-Jan-2017 17:18:07 Europe/Berlin] PHP Notice:  Undefined index: author_name in C:\htdocs\BookStore\inc\stmt.php on line 38
[12-Jan-2017 17:18:07 Europe/Berlin] PHP Notice:  Undefined index: author_name in C:\htdocs\BookStore\temp\authors.php on line 32
[12-Jan-2017 17:18:32 Europe/Berlin] PHP Notice:  Undefined index: author_name in C:\htdocs\BookStore\inc\stmt.php on line 38
[12-Jan-2017 17:18:32 Europe/Berlin] PHP Notice:  Undefined index: author_name in C:\htdocs\BookStore\temp\authors.php on line 32
[12-Jan-2017 17:19:30 Europe/Berlin] PHP Notice:  Undefined index: p in C:\htdocs\BookStore\index.php on line 23
[12-Jan-2017 17:19:30 Europe/Berlin] PHP Notice:  Undefined index: author_name in C:\htdocs\BookStore\inc\stmt.php on line 38
[12-Jan-2017 17:19:52 Europe/Berlin] PHP Notice:  Undefined index: author_name in C:\htdocs\BookStore\inc\stmt.php on line 38
[12-Jan-2017 17:19:58 Europe/Berlin] PHP Notice:  Undefined index: author_name in C:\htdocs\BookStore\inc\stmt.php on line 38
[12-Jan-2017 17:21:00 Europe/Berlin] PHP Notice:  Undefined index: author_name in C:\htdocs\BookStore\inc\stmt.php on line 38
[12-Jan-2017 17:21:02 Europe/Berlin] PHP Notice:  Undefined index: author_name in C:\htdocs\BookStore\inc\stmt.php on line 38
[12-Jan-2017 17:21:02 Europe/Berlin] PHP Notice:  Undefined index: author_name in C:\htdocs\BookStore\temp\authors.php on line 32
[12-Jan-2017 17:21:07 Europe/Berlin] PHP Notice:  Undefined index: author_name in C:\htdocs\BookStore\inc\stmt.php on line 38
[12-Jan-2017 17:21:15 Europe/Berlin] PHP Notice:  Undefined index: author_name in C:\htdocs\BookStore\inc\stmt.php on line 38
[12-Jan-2017 17:21:18 Europe/Berlin] PHP Notice:  Undefined index: author_name in C:\htdocs\BookStore\inc\stmt.php on line 38
[12-Jan-2017 17:21:22 Europe/Berlin] PHP Notice:  Undefined index: author_name in C:\htdocs\BookStore\inc\stmt.php on line 38
[12-Jan-2017 17:52:42 Europe/Berlin] PHP Notice:  Undefined index: author_name in C:\htdocs\BookStore\inc\stmt.php on line 38
[12-Jan-2017 17:53:01 Europe/Berlin] PHP Notice:  Undefined index: author_name in C:\htdocs\BookStore\inc\stmt.php on line 38
[12-Jan-2017 18:13:04 Europe/Berlin] PHP Notice:  Undefined index: p in C:\htdocs\BookStore\index.php on line 23
[12-Jan-2017 18:13:04 Europe/Berlin] PHP Notice:  Undefined index: author_name in C:\htdocs\BookStore\inc\stmt.php on line 38
[12-Jan-2017 18:13:46 Europe/Berlin] PHP Notice:  Undefined index: author_name in C:\htdocs\BookStore\inc\stmt.php on line 38
[12-Jan-2017 18:13:50 Europe/Berlin] PHP Warning:  include(temp/index.php): failed to open stream: No such file or directory in C:\htdocs\BookStore\temp\layouts\def_layout.php on line 23
[12-Jan-2017 18:13:50 Europe/Berlin] PHP Warning:  include(): Failed opening 'temp/index.php' for inclusion (include_path='C:\xampp\php\pear\PEAR') in C:\htdocs\BookStore\temp\layouts\def_layout.php on line 23
[12-Jan-2017 18:15:28 Europe/Berlin] PHP Notice:  Undefined index: p in C:\htdocs\BookStore\index.php on line 23
[12-Jan-2017 18:15:28 Europe/Berlin] PHP Warning:  include(temp/index.php): failed to open stream: No such file or directory in C:\htdocs\BookStore\temp\layouts\def_layout.php on line 23
[12-Jan-2017 18:15:28 Europe/Berlin] PHP Warning:  include(): Failed opening 'temp/index.php' for inclusion (include_path='C:\xampp\php\pear\PEAR') in C:\htdocs\BookStore\temp\layouts\def_layout.php on line 23
[12-Jan-2017 18:15:35 Europe/Berlin] PHP Notice:  Undefined index: author_name in C:\htdocs\BookStore\inc\stmt.php on line 38
[12-Jan-2017 18:15:42 Europe/Berlin] PHP Notice:  Undefined index: author_name in C:\htdocs\BookStore\inc\stmt.php on line 38
[12-Jan-2017 18:15:48 Europe/Berlin] PHP Notice:  Undefined index: p in C:\htdocs\BookStore\index.php on line 23
[12-Jan-2017 18:15:48 Europe/Berlin] PHP Warning:  include(temp/index.php): failed to open stream: No such file or directory in C:\htdocs\BookStore\temp\layouts\def_layout.php on line 23
[12-Jan-2017 18:15:48 Europe/Berlin] PHP Warning:  include(): Failed opening 'temp/index.php' for inclusion (include_path='C:\xampp\php\pear\PEAR') in C:\htdocs\BookStore\temp\layouts\def_layout.php on line 23
[12-Jan-2017 18:15:54 Europe/Berlin] PHP Notice:  Undefined index: p in C:\htdocs\BookStore\index.php on line 23
[12-Jan-2017 18:15:54 Europe/Berlin] PHP Warning:  include(temp/index.php): failed to open stream: No such file or directory in C:\htdocs\BookStore\temp\layouts\def_layout.php on line 23
[12-Jan-2017 18:15:54 Europe/Berlin] PHP Warning:  include(): Failed opening 'temp/index.php' for inclusion (include_path='C:\xampp\php\pear\PEAR') in C:\htdocs\BookStore\temp\layouts\def_layout.php on line 23
[12-Jan-2017 18:16:16 Europe/Berlin] PHP Notice:  Undefined index: p in C:\htdocs\BookStore\index.php on line 23
[12-Jan-2017 18:16:16 Europe/Berlin] PHP Notice:  Undefined index: author_name in C:\htdocs\BookStore\inc\stmt.php on line 38
[12-Jan-2017 18:16:31 Europe/Berlin] PHP Notice:  Undefined index: author_name in C:\htdocs\BookStore\inc\stmt.php on line 38
[12-Jan-2017 18:16:36 Europe/Berlin] PHP Notice:  Undefined index: author_name in C:\htdocs\BookStore\inc\stmt.php on line 38
[12-Jan-2017 18:16:46 Europe/Berlin] PHP Notice:  Undefined index: author_name in C:\htdocs\BookStore\inc\stmt.php on line 38
[12-Jan-2017 18:17:14 Europe/Berlin] PHP Notice:  Undefined index: author_name in C:\htdocs\BookStore\inc\stmt.php on line 38
[12-Jan-2017 18:19:20 Europe/Berlin] PHP Notice:  Undefined index: p in C:\htdocs\BookStore\index.php on line 23
[12-Jan-2017 18:19:20 Europe/Berlin] PHP Notice:  Undefined index: author_name in C:\htdocs\BookStore\inc\stmt.php on line 38
[12-Jan-2017 18:19:21 Europe/Berlin] PHP Notice:  Undefined index: author_name in C:\htdocs\BookStore\inc\stmt.php on line 38
[12-Jan-2017 18:19:21 Europe/Berlin] PHP Notice:  Undefined index: author_name in C:\htdocs\BookStore\temp\authors.php on line 32
[12-Jan-2017 18:19:26 Europe/Berlin] PHP Notice:  Undefined index: p in C:\htdocs\BookStore\index.php on line 23
[12-Jan-2017 18:20:08 Europe/Berlin] PHP Notice:  Undefined index: author_name in C:\htdocs\BookStore\inc\stmt.php on line 38
[12-Jan-2017 18:20:08 Europe/Berlin] PHP Notice:  Undefined index: author_name in C:\htdocs\BookStore\temp\authors.php on line 32
[12-Jan-2017 18:22:07 Europe/Berlin] PHP Notice:  Undefined index: author_name in C:\htdocs\BookStore\inc\stmt.php on line 38
[12-Jan-2017 18:22:07 Europe/Berlin] PHP Notice:  Undefined index: author_name in C:\htdocs\BookStore\temp\authors.php on line 32
[12-Jan-2017 18:22:09 Europe/Berlin] PHP Notice:  Undefined index: p in C:\htdocs\BookStore\index.php on line 23
[12-Jan-2017 18:22:09 Europe/Berlin] PHP Notice:  Undefined index: author_name in C:\htdocs\BookStore\inc\stmt.php on line 38
[12-Jan-2017 18:22:12 Europe/Berlin] PHP Notice:  Undefined index: author_name in C:\htdocs\BookStore\inc\stmt.php on line 38
[12-Jan-2017 18:22:12 Europe/Berlin] PHP Notice:  Undefined index: author_name in C:\htdocs\BookStore\temp\authors.php on line 32
[12-Jan-2017 18:22:52 Europe/Berlin] PHP Notice:  Undefined index: author_name in C:\htdocs\BookStore\inc\stmt.php on line 38
[12-Jan-2017 18:22:52 Europe/Berlin] PHP Notice:  Undefined index: author_name in C:\htdocs\BookStore\temp\authors.php on line 32
[12-Jan-2017 18:24:41 Europe/Berlin] PHP Notice:  Undefined index: author_name in C:\htdocs\BookStore\inc\stmt.php on line 38
[12-Jan-2017 18:24:41 Europe/Berlin] PHP Notice:  Undefined index: author_name in C:\htdocs\BookStore\temp\authors.php on line 32
[12-Jan-2017 18:24:42 Europe/Berlin] PHP Notice:  Undefined index: p in C:\htdocs\BookStore\index.php on line 23
[12-Jan-2017 18:24:42 Europe/Berlin] PHP Notice:  Undefined index: author_name in C:\htdocs\BookStore\inc\stmt.php on line 38
[12-Jan-2017 18:24:44 Europe/Berlin] PHP Notice:  Undefined index: p in C:\htdocs\BookStore\index.php on line 23
[12-Jan-2017 18:24:44 Europe/Berlin] PHP Notice:  Undefined index: author_name in C:\htdocs\BookStore\inc\stmt.php on line 38
[12-Jan-2017 18:24:45 Europe/Berlin] PHP Notice:  Undefined index: author_name in C:\htdocs\BookStore\inc\stmt.php on line 38
[12-Jan-2017 18:24:45 Europe/Berlin] PHP Notice:  Undefined index: author_name in C:\htdocs\BookStore\temp\authors.php on line 32
[12-Jan-2017 18:24:47 Europe/Berlin] PHP Notice:  Undefined index: p in C:\htdocs\BookStore\index.php on line 23
[12-Jan-2017 18:24:47 Europe/Berlin] PHP Notice:  Undefined index: author_name in C:\htdocs\BookStore\inc\stmt.php on line 38
[12-Jan-2017 18:24:49 Europe/Berlin] PHP Notice:  Undefined index: author_name in C:\htdocs\BookStore\inc\stmt.php on line 38
[12-Jan-2017 18:24:49 Europe/Berlin] PHP Notice:  Undefined index: author_name in C:\htdocs\BookStore\temp\authors.php on line 32
[12-Jan-2017 18:24:55 Europe/Berlin] PHP Notice:  Undefined index: author_name in C:\htdocs\BookStore\inc\stmt.php on line 38
[12-Jan-2017 18:24:55 Europe/Berlin] PHP Notice:  Undefined index: author_name in C:\htdocs\BookStore\temp\authors.php on line 32
[12-Jan-2017 18:25:14 Europe/Berlin] PHP Notice:  Undefined index: author_name in C:\htdocs\BookStore\inc\stmt.php on line 38
[12-Jan-2017 18:25:14 Europe/Berlin] PHP Notice:  Undefined index: author_name in C:\htdocs\BookStore\temp\authors.php on line 32
[12-Jan-2017 18:25:16 Europe/Berlin] PHP Notice:  Undefined index: p in C:\htdocs\BookStore\index.php on line 23
[12-Jan-2017 18:25:16 Europe/Berlin] PHP Notice:  Undefined index: author_name in C:\htdocs\BookStore\inc\stmt.php on line 38
[12-Jan-2017 18:25:19 Europe/Berlin] PHP Notice:  Undefined index: author_name in C:\htdocs\BookStore\inc\stmt.php on line 38
[12-Jan-2017 18:25:19 Europe/Berlin] PHP Notice:  Undefined index: author_name in C:\htdocs\BookStore\temp\authors.php on line 32
[12-Jan-2017 18:25:22 Europe/Berlin] PHP Notice:  Undefined index: p in C:\htdocs\BookStore\index.php on line 23
[12-Jan-2017 18:25:41 Europe/Berlin] PHP Notice:  Undefined index: author_name in C:\htdocs\BookStore\inc\stmt.php on line 38
[12-Jan-2017 18:25:41 Europe/Berlin] PHP Notice:  Undefined index: author_name in C:\htdocs\BookStore\temp\authors.php on line 32
[12-Jan-2017 18:25:44 Europe/Berlin] PHP Notice:  Undefined index: p in C:\htdocs\BookStore\index.php on line 23
[12-Jan-2017 18:26:00 Europe/Berlin] PHP Notice:  Undefined index: author_name in C:\htdocs\BookStore\inc\stmt.php on line 38
[12-Jan-2017 18:26:00 Europe/Berlin] PHP Notice:  Undefined index: author_name in C:\htdocs\BookStore\temp\authors.php on line 32
[12-Jan-2017 18:26:02 Europe/Berlin] PHP Notice:  Undefined index: p in C:\htdocs\BookStore\index.php on line 23
[12-Jan-2017 18:26:04 Europe/Berlin] PHP Notice:  Undefined index: author_name in C:\htdocs\BookStore\inc\stmt.php on line 38
[12-Jan-2017 18:26:04 Europe/Berlin] PHP Notice:  Undefined index: author_name in C:\htdocs\BookStore\temp\authors.php on line 32
[12-Jan-2017 18:26:50 Europe/Berlin] PHP Notice:  Undefined index: p in C:\htdocs\BookStore\index.php on line 23
[12-Jan-2017 18:26:50 Europe/Berlin] PHP Notice:  Undefined index: author_name in C:\htdocs\BookStore\inc\stmt.php on line 38
[12-Jan-2017 18:27:01 Europe/Berlin] PHP Notice:  Undefined index: author_name in C:\htdocs\BookStore\inc\stmt.php on line 38
[12-Jan-2017 18:27:01 Europe/Berlin] PHP Notice:  Undefined index: author_name in C:\htdocs\BookStore\temp\authors.php on line 32
[12-Jan-2017 18:29:36 Europe/Berlin] PHP Notice:  Undefined index: author_name in C:\htdocs\BookStore\inc\stmt.php on line 38
[12-Jan-2017 18:29:36 Europe/Berlin] PHP Notice:  Undefined index: author_name in C:\htdocs\BookStore\temp\authors.php on line 32
[12-Jan-2017 18:29:38 Europe/Berlin] PHP Notice:  Undefined index: author_name in C:\htdocs\BookStore\inc\stmt.php on line 38
[12-Jan-2017 18:29:38 Europe/Berlin] PHP Notice:  Undefined index: author_name in C:\htdocs\BookStore\temp\authors.php on line 32
[12-Jan-2017 18:29:43 Europe/Berlin] PHP Notice:  Undefined index: author_name in C:\htdocs\BookStore\inc\stmt.php on line 38
[12-Jan-2017 18:29:43 Europe/Berlin] PHP Notice:  Undefined index: author_name in C:\htdocs\BookStore\temp\authors.php on line 32
[12-Jan-2017 18:29:45 Europe/Berlin] PHP Notice:  Undefined index: p in C:\htdocs\BookStore\index.php on line 23
[12-Jan-2017 18:29:45 Europe/Berlin] PHP Notice:  Undefined index: author_name in C:\htdocs\BookStore\inc\stmt.php on line 38
[12-Jan-2017 18:29:47 Europe/Berlin] PHP Notice:  Undefined index: author_name in C:\htdocs\BookStore\inc\stmt.php on line 38
[12-Jan-2017 18:29:47 Europe/Berlin] PHP Notice:  Undefined index: author_name in C:\htdocs\BookStore\temp\authors.php on line 32
[12-Jan-2017 18:29:58 Europe/Berlin] PHP Notice:  Undefined index: author_name in C:\htdocs\BookStore\inc\stmt.php on line 38
[12-Jan-2017 18:29:58 Europe/Berlin] PHP Notice:  Undefined index: author_name in C:\htdocs\BookStore\temp\authors.php on line 32
[12-Jan-2017 18:30:11 Europe/Berlin] PHP Notice:  Undefined index: author_name in C:\htdocs\BookStore\inc\stmt.php on line 38
[12-Jan-2017 18:30:11 Europe/Berlin] PHP Notice:  Undefined index: author_name in C:\htdocs\BookStore\temp\authors.php on line 32
[12-Jan-2017 18:30:18 Europe/Berlin] PHP Notice:  Undefined index: author_name in C:\htdocs\BookStore\inc\stmt.php on line 38
[12-Jan-2017 18:30:18 Europe/Berlin] PHP Notice:  Undefined index: author_name in C:\htdocs\BookStore\temp\authors.php on line 32
[12-Jan-2017 18:30:21 Europe/Berlin] PHP Notice:  Undefined index: p in C:\htdocs\BookStore\index.php on line 23
[12-Jan-2017 18:31:12 Europe/Berlin] PHP Notice:  Undefined index: p in C:\htdocs\BookStore\index.php on line 23
[12-Jan-2017 18:31:12 Europe/Berlin] PHP Notice:  Undefined index: author_name in C:\htdocs\BookStore\inc\stmt.php on line 38
[12-Jan-2017 18:32:10 Europe/Berlin] PHP Notice:  Undefined index: author_name in C:\htdocs\BookStore\inc\stmt.php on line 38
[12-Jan-2017 18:32:10 Europe/Berlin] PHP Notice:  Undefined index: author_name in C:\htdocs\BookStore\temp\authors.php on line 32
[12-Jan-2017 18:32:14 Europe/Berlin] PHP Notice:  Undefined index: p in C:\htdocs\BookStore\index.php on line 23
[12-Jan-2017 18:32:21 Europe/Berlin] PHP Notice:  Undefined index: author_name in C:\htdocs\BookStore\inc\stmt.php on line 38
[12-Jan-2017 18:32:21 Europe/Berlin] PHP Notice:  Undefined index: author_name in C:\htdocs\BookStore\temp\authors.php on line 32
[12-Jan-2017 18:32:24 Europe/Berlin] PHP Notice:  Undefined index: p in C:\htdocs\BookStore\index.php on line 23
[12-Jan-2017 18:34:41 Europe/Berlin] PHP Notice:  Undefined index: p in C:\htdocs\BookStore\index.php on line 23
[12-Jan-2017 18:35:29 Europe/Berlin] PHP Notice:  Undefined index: p in C:\htdocs\BookStore\index.php on line 23
[12-Jan-2017 18:35:31 Europe/Berlin] PHP Notice:  Undefined index: author_name in C:\htdocs\BookStore\inc\stmt.php on line 38
[12-Jan-2017 18:35:32 Europe/Berlin] PHP Notice:  Undefined index: author_name in C:\htdocs\BookStore\inc\stmt.php on line 38
[12-Jan-2017 18:35:33 Europe/Berlin] PHP Notice:  Undefined index: author_name in C:\htdocs\BookStore\inc\stmt.php on line 38
[12-Jan-2017 18:35:35 Europe/Berlin] PHP Notice:  Undefined index: author_name in C:\htdocs\BookStore\inc\stmt.php on line 38
[12-Jan-2017 18:35:37 Europe/Berlin] PHP Notice:  Undefined index: author_name in C:\htdocs\BookStore\inc\stmt.php on line 38
[12-Jan-2017 18:35:39 Europe/Berlin] PHP Notice:  Undefined index: author_name in C:\htdocs\BookStore\inc\stmt.php on line 38
[12-Jan-2017 18:36:06 Europe/Berlin] PHP Notice:  Undefined index: author_name in C:\htdocs\BookStore\inc\stmt.php on line 38
[12-Jan-2017 18:36:06 Europe/Berlin] PHP Notice:  Undefined index: author_name in C:\htdocs\BookStore\temp\authors.php on line 32
[12-Jan-2017 18:36:08 Europe/Berlin] PHP Notice:  Undefined index: author_name in C:\htdocs\BookStore\inc\stmt.php on line 38
[12-Jan-2017 18:36:10 Europe/Berlin] PHP Notice:  Undefined index: p in C:\htdocs\BookStore\index.php on line 23
[12-Jan-2017 18:36:10 Europe/Berlin] PHP Notice:  Undefined index: author_name in C:\htdocs\BookStore\inc\stmt.php on line 38
[12-Jan-2017 18:36:12 Europe/Berlin] PHP Notice:  Undefined index: author_name in C:\htdocs\BookStore\inc\stmt.php on line 38
[12-Jan-2017 18:36:14 Europe/Berlin] PHP Notice:  Undefined index: p in C:\htdocs\BookStore\index.php on line 23
[12-Jan-2017 18:36:14 Europe/Berlin] PHP Notice:  Undefined index: author_name in C:\htdocs\BookStore\inc\stmt.php on line 38
[12-Jan-2017 18:36:17 Europe/Berlin] PHP Notice:  Undefined index: author_name in C:\htdocs\BookStore\inc\stmt.php on line 38
[12-Jan-2017 18:36:19 Europe/Berlin] PHP Notice:  Undefined index: p in C:\htdocs\BookStore\index.php on line 23
[12-Jan-2017 18:36:19 Europe/Berlin] PHP Notice:  Undefined index: author_name in C:\htdocs\BookStore\inc\stmt.php on line 38
[12-Jan-2017 18:37:42 Europe/Berlin] PHP Notice:  Undefined index: author_name in C:\htdocs\BookStore\inc\stmt.php on line 38
[12-Jan-2017 18:44:06 Europe/Berlin] PHP Notice:  Undefined index: p in C:\htdocs\BookStore\index.php on line 23
[12-Jan-2017 18:44:06 Europe/Berlin] PHP Notice:  Undefined index: author_name in C:\htdocs\BookStore\inc\stmt.php on line 38
[12-Jan-2017 18:45:13 Europe/Berlin] PHP Notice:  Undefined index: p in C:\htdocs\BookStore\index.php on line 23
[12-Jan-2017 18:45:13 Europe/Berlin] PHP Notice:  Undefined index: author_name in C:\htdocs\BookStore\inc\stmt.php on line 38
[12-Jan-2017 18:45:15 Europe/Berlin] PHP Notice:  Undefined variable: query in C:\htdocs\BookStore\temp\new-book.php on line 9
[12-Jan-2017 18:45:15 Europe/Berlin] PHP Warning:  mysqli_fetch_assoc() expects parameter 1 to be mysqli_result, null given in C:\htdocs\BookStore\temp\new-book.php on line 9
[12-Jan-2017 18:46:34 Europe/Berlin] PHP Notice:  Undefined variable: authorsResult in C:\htdocs\BookStore\temp\new-book.php on line 9
[12-Jan-2017 18:46:34 Europe/Berlin] PHP Fatal error:  Uncaught Error: Call to a member function fetch_assoc() on null in C:\htdocs\BookStore\temp\new-book.php:9
Stack trace:
#0 C:\htdocs\BookStore\temp\layouts\def_layout.php(24): include()
#1 C:\htdocs\BookStore\inc\function.php(3): include('C:\\htdocs\\BookS...')
#2 C:\htdocs\BookStore\index.php(48): render(Array, 'temp/layouts/de...')
#3 {main}
  thrown in C:\htdocs\BookStore\temp\new-book.php on line 9
[12-Jan-2017 18:46:34 Europe/Berlin] PHP Warning:  require_once(maintenance.php): failed to open stream: No such file or directory in C:\htdocs\BookStore\index.php on line 16
[12-Jan-2017 18:46:34 Europe/Berlin] PHP Fatal error:  require_once(): Failed opening required 'maintenance.php' (include_path='C:\xampp\php\pear\PEAR') in C:\htdocs\BookStore\index.php on line 16
[12-Jan-2017 18:46:48 Europe/Berlin] PHP Notice:  Undefined variable: authorsResult in C:\htdocs\BookStore\temp\new-book.php on line 9
[12-Jan-2017 18:46:48 Europe/Berlin] PHP Fatal error:  Uncaught Error: Call to a member function fetch_assoc() on null in C:\htdocs\BookStore\temp\new-book.php:9
Stack trace:
#0 C:\htdocs\BookStore\temp\layouts\def_layout.php(24): include()
#1 C:\htdocs\BookStore\inc\function.php(3): include('C:\\htdocs\\BookS...')
#2 C:\htdocs\BookStore\index.php(48): render(Array, 'temp/layouts/de...')
#3 {main}
  thrown in C:\htdocs\BookStore\temp\new-book.php on line 9
[12-Jan-2017 18:46:48 Europe/Berlin] PHP Warning:  require_once(maintenance.php): failed to open stream: No such file or directory in C:\htdocs\BookStore\index.php on line 16
[12-Jan-2017 18:46:48 Europe/Berlin] PHP Fatal error:  require_once(): Failed opening required 'maintenance.php' (include_path='C:\xampp\php\pear\PEAR') in C:\htdocs\BookStore\index.php on line 16
[12-Jan-2017 18:47:43 Europe/Berlin] PHP Notice:  Undefined variable: authorsResult in C:\htdocs\BookStore\temp\new-book.php on line 9
[12-Jan-2017 18:47:43 Europe/Berlin] PHP Warning:  mysqli_fetch_assoc() expects parameter 1 to be mysqli_result, null given in C:\htdocs\BookStore\temp\new-book.php on line 9
[12-Jan-2017 18:47:52 Europe/Berlin] PHP Notice:  Undefined variable: authorsResult in C:\htdocs\BookStore\temp\new-book.php on line 9
[12-Jan-2017 18:47:52 Europe/Berlin] PHP Notice:  Undefined variable: authorsResult in C:\htdocs\BookStore\temp\new-book.php on line 10
[12-Jan-2017 18:47:52 Europe/Berlin] PHP Warning:  mysqli_fetch_assoc() expects parameter 1 to be mysqli_result, null given in C:\htdocs\BookStore\temp\new-book.php on line 10
[12-Jan-2017 18:47:54 Europe/Berlin] PHP Notice:  Undefined variable: authorsResult in C:\htdocs\BookStore\temp\new-book.php on line 9
[12-Jan-2017 18:47:54 Europe/Berlin] PHP Notice:  Undefined variable: authorsResult in C:\htdocs\BookStore\temp\new-book.php on line 10
[12-Jan-2017 18:47:54 Europe/Berlin] PHP Warning:  mysqli_fetch_assoc() expects parameter 1 to be mysqli_result, null given in C:\htdocs\BookStore\temp\new-book.php on line 10
[12-Jan-2017 18:48:51 Europe/Berlin] PHP Notice:  Undefined variable: authorsResult in C:\htdocs\BookStore\temp\new-book.php on line 9
[12-Jan-2017 18:48:51 Europe/Berlin] PHP Notice:  Undefined variable: authorsResult in C:\htdocs\BookStore\temp\new-book.php on line 10
[12-Jan-2017 18:48:51 Europe/Berlin] PHP Warning:  mysqli_fetch_assoc() expects parameter 1 to be mysqli_result, null given in C:\htdocs\BookStore\temp\new-book.php on line 10
[12-Jan-2017 18:48:51 Europe/Berlin] PHP Warning:  require_once(../inc/stmt.php): failed to open stream: No such file or directory in C:\htdocs\BookStore\temp\new-book.php on line 21
[12-Jan-2017 18:48:51 Europe/Berlin] PHP Fatal error:  require_once(): Failed opening required '../inc/stmt.php' (include_path='C:\xampp\php\pear\PEAR') in C:\htdocs\BookStore\temp\new-book.php on line 21
[12-Jan-2017 18:48:51 Europe/Berlin] PHP Warning:  require_once(maintenance.php): failed to open stream: No such file or directory in C:\htdocs\BookStore\index.php on line 16
[12-Jan-2017 18:48:51 Europe/Berlin] PHP Fatal error:  require_once(): Failed opening required 'maintenance.php' (include_path='C:\xampp\php\pear\PEAR') in C:\htdocs\BookStore\index.php on line 16
[12-Jan-2017 18:49:13 Europe/Berlin] PHP Warning:  require_once(../inc/stmt.php): failed to open stream: No such file or directory in C:\htdocs\BookStore\temp\new-book.php on line 2
[12-Jan-2017 18:49:13 Europe/Berlin] PHP Fatal error:  require_once(): Failed opening required '../inc/stmt.php' (include_path='C:\xampp\php\pear\PEAR') in C:\htdocs\BookStore\temp\new-book.php on line 2
[12-Jan-2017 18:49:13 Europe/Berlin] PHP Warning:  require_once(maintenance.php): failed to open stream: No such file or directory in C:\htdocs\BookStore\index.php on line 16
[12-Jan-2017 18:49:13 Europe/Berlin] PHP Fatal error:  require_once(): Failed opening required 'maintenance.php' (include_path='C:\xampp\php\pear\PEAR') in C:\htdocs\BookStore\index.php on line 16
[12-Jan-2017 18:49:23 Europe/Berlin] PHP Warning:  require_once(../inc/stmt.php): failed to open stream: No such file or directory in C:\htdocs\BookStore\temp\new-book.php on line 2
[12-Jan-2017 18:49:23 Europe/Berlin] PHP Fatal error:  require_once(): Failed opening required '../inc/stmt.php' (include_path='C:\xampp\php\pear\PEAR') in C:\htdocs\BookStore\temp\new-book.php on line 2
[12-Jan-2017 18:49:23 Europe/Berlin] PHP Warning:  require_once(maintenance.php): failed to open stream: No such file or directory in C:\htdocs\BookStore\index.php on line 16
[12-Jan-2017 18:49:23 Europe/Berlin] PHP Fatal error:  require_once(): Failed opening required 'maintenance.php' (include_path='C:\xampp\php\pear\PEAR') in C:\htdocs\BookStore\index.php on line 16
[12-Jan-2017 18:49:43 Europe/Berlin] PHP Notice:  Undefined variable: authorsResult in C:\htdocs\BookStore\temp\new-book.php on line 9
[12-Jan-2017 18:49:43 Europe/Berlin] PHP Notice:  Undefined variable: authorsResult in C:\htdocs\BookStore\temp\new-book.php on line 10
[12-Jan-2017 18:49:43 Europe/Berlin] PHP Warning:  mysqli_fetch_assoc() expects parameter 1 to be mysqli_result, null given in C:\htdocs\BookStore\temp\new-book.php on line 10
[12-Jan-2017 18:50:16 Europe/Berlin] PHP Warning:  require_once(../inc/stmt.php): failed to open stream: No such file or directory in C:\htdocs\BookStore\temp\new-book.php on line 9
[12-Jan-2017 18:50:16 Europe/Berlin] PHP Fatal error:  require_once(): Failed opening required '../inc/stmt.php' (include_path='C:\xampp\php\pear\PEAR') in C:\htdocs\BookStore\temp\new-book.php on line 9
[12-Jan-2017 18:50:16 Europe/Berlin] PHP Warning:  require_once(maintenance.php): failed to open stream: No such file or directory in C:\htdocs\BookStore\index.php on line 16
[12-Jan-2017 18:50:16 Europe/Berlin] PHP Fatal error:  require_once(): Failed opening required 'maintenance.php' (include_path='C:\xampp\php\pear\PEAR') in C:\htdocs\BookStore\index.php on line 16
[12-Jan-2017 18:50:20 Europe/Berlin] PHP Notice:  Undefined index: p in C:\htdocs\BookStore\index.php on line 23
[12-Jan-2017 18:50:20 Europe/Berlin] PHP Notice:  Undefined index: author_name in C:\htdocs\BookStore\inc\stmt.php on line 38
[12-Jan-2017 18:50:23 Europe/Berlin] PHP Warning:  require_once(../inc/stmt.php): failed to open stream: No such file or directory in C:\htdocs\BookStore\temp\new-book.php on line 9
[12-Jan-2017 18:50:23 Europe/Berlin] PHP Fatal error:  require_once(): Failed opening required '../inc/stmt.php' (include_path='C:\xampp\php\pear\PEAR') in C:\htdocs\BookStore\temp\new-book.php on line 9
[12-Jan-2017 18:50:23 Europe/Berlin] PHP Warning:  require_once(maintenance.php): failed to open stream: No such file or directory in C:\htdocs\BookStore\index.php on line 16
[12-Jan-2017 18:50:23 Europe/Berlin] PHP Fatal error:  require_once(): Failed opening required 'maintenance.php' (include_path='C:\xampp\php\pear\PEAR') in C:\htdocs\BookStore\index.php on line 16
[12-Jan-2017 18:51:03 Europe/Berlin] PHP Warning:  require_once(../inc/stmt.php): failed to open stream: No such file or directory in C:\htdocs\BookStore\temp\new-book.php on line 9
[12-Jan-2017 18:51:03 Europe/Berlin] PHP Fatal error:  require_once(): Failed opening required '../inc/stmt.php' (include_path='C:\xampp\php\pear\PEAR') in C:\htdocs\BookStore\temp\new-book.php on line 9
[12-Jan-2017 18:51:03 Europe/Berlin] PHP Warning:  require_once(maintenance.php): failed to open stream: No such file or directory in C:\htdocs\BookStore\index.php on line 16
[12-Jan-2017 18:51:03 Europe/Berlin] PHP Fatal error:  require_once(): Failed opening required 'maintenance.php' (include_path='C:\xampp\php\pear\PEAR') in C:\htdocs\BookStore\index.php on line 16
[12-Jan-2017 18:51:05 Europe/Berlin] PHP Warning:  require_once(../inc/stmt.php): failed to open stream: No such file or directory in C:\htdocs\BookStore\temp\new-book.php on line 9
[12-Jan-2017 18:51:05 Europe/Berlin] PHP Fatal error:  require_once(): Failed opening required '../inc/stmt.php' (include_path='C:\xampp\php\pear\PEAR') in C:\htdocs\BookStore\temp\new-book.php on line 9
[12-Jan-2017 18:51:05 Europe/Berlin] PHP Warning:  require_once(maintenance.php): failed to open stream: No such file or directory in C:\htdocs\BookStore\index.php on line 16
[12-Jan-2017 18:51:05 Europe/Berlin] PHP Fatal error:  require_once(): Failed opening required 'maintenance.php' (include_path='C:\xampp\php\pear\PEAR') in C:\htdocs\BookStore\index.php on line 16
[12-Jan-2017 18:52:57 Europe/Berlin] PHP Warning:  require_once(../inc/stmt.php): failed to open stream: No such file or directory in C:\htdocs\BookStore\temp\new-book.php on line 2
[12-Jan-2017 18:52:57 Europe/Berlin] PHP Fatal error:  require_once(): Failed opening required '../inc/stmt.php' (include_path='C:\xampp\php\pear\PEAR') in C:\htdocs\BookStore\temp\new-book.php on line 2
[12-Jan-2017 18:52:57 Europe/Berlin] PHP Warning:  require_once(maintenance.php): failed to open stream: No such file or directory in C:\htdocs\BookStore\index.php on line 16
[12-Jan-2017 18:52:57 Europe/Berlin] PHP Fatal error:  require_once(): Failed opening required 'maintenance.php' (include_path='C:\xampp\php\pear\PEAR') in C:\htdocs\BookStore\index.php on line 16
[12-Jan-2017 18:53:10 Europe/Berlin] PHP Notice:  Undefined index: p in C:\htdocs\BookStore\index.php on line 23
[12-Jan-2017 18:53:10 Europe/Berlin] PHP Notice:  Undefined index: author_name in C:\htdocs\BookStore\inc\stmt.php on line 38
[12-Jan-2017 18:53:11 Europe/Berlin] PHP Warning:  require_once(../inc/stmt.php): failed to open stream: No such file or directory in C:\htdocs\BookStore\temp\new-book.php on line 2
[12-Jan-2017 18:53:11 Europe/Berlin] PHP Fatal error:  require_once(): Failed opening required '../inc/stmt.php' (include_path='C:\xampp\php\pear\PEAR') in C:\htdocs\BookStore\temp\new-book.php on line 2
[12-Jan-2017 18:53:11 Europe/Berlin] PHP Warning:  require_once(maintenance.php): failed to open stream: No such file or directory in C:\htdocs\BookStore\index.php on line 16
[12-Jan-2017 18:53:11 Europe/Berlin] PHP Fatal error:  require_once(): Failed opening required 'maintenance.php' (include_path='C:\xampp\php\pear\PEAR') in C:\htdocs\BookStore\index.php on line 16
[12-Jan-2017 18:54:06 Europe/Berlin] PHP Parse error:  syntax error, unexpected 'echo' (T_ECHO) in C:\htdocs\BookStore\temp\new-book.php on line 3
[12-Jan-2017 18:54:06 Europe/Berlin] PHP Warning:  require_once(maintenance.php): failed to open stream: No such file or directory in C:\htdocs\BookStore\index.php on line 16
[12-Jan-2017 18:54:06 Europe/Berlin] PHP Fatal error:  require_once(): Failed opening required 'maintenance.php' (include_path='C:\xampp\php\pear\PEAR') in C:\htdocs\BookStore\index.php on line 16
[12-Jan-2017 18:54:17 Europe/Berlin] PHP Parse error:  syntax error, unexpected 'echo' (T_ECHO) in C:\htdocs\BookStore\temp\new-book.php on line 3
[12-Jan-2017 18:54:17 Europe/Berlin] PHP Warning:  require_once(maintenance.php): failed to open stream: No such file or directory in C:\htdocs\BookStore\index.php on line 16
[12-Jan-2017 18:54:17 Europe/Berlin] PHP Fatal error:  require_once(): Failed opening required 'maintenance.php' (include_path='C:\xampp\php\pear\PEAR') in C:\htdocs\BookStore\index.php on line 16
[12-Jan-2017 18:54:25 Europe/Berlin] PHP Warning:  require_once(../inc/stmt.php): failed to open stream: No such file or directory in C:\htdocs\BookStore\temp\new-book.php on line 2
[12-Jan-2017 18:54:25 Europe/Berlin] PHP Fatal error:  require_once(): Failed opening required '../inc/stmt.php' (include_path='C:\xampp\php\pear\PEAR') in C:\htdocs\BookStore\temp\new-book.php on line 2
[12-Jan-2017 18:54:25 Europe/Berlin] PHP Warning:  require_once(maintenance.php): failed to open stream: No such file or directory in C:\htdocs\BookStore\index.php on line 16
[12-Jan-2017 18:54:25 Europe/Berlin] PHP Fatal error:  require_once(): Failed opening required 'maintenance.php' (include_path='C:\xampp\php\pear\PEAR') in C:\htdocs\BookStore\index.php on line 16
[12-Jan-2017 18:54:27 Europe/Berlin] PHP Warning:  require_once(../inc/stmt.php): failed to open stream: No such file or directory in C:\htdocs\BookStore\temp\new-book.php on line 2
[12-Jan-2017 18:54:27 Europe/Berlin] PHP Fatal error:  require_once(): Failed opening required '../inc/stmt.php' (include_path='C:\xampp\php\pear\PEAR') in C:\htdocs\BookStore\temp\new-book.php on line 2
[12-Jan-2017 18:54:27 Europe/Berlin] PHP Warning:  require_once(maintenance.php): failed to open stream: No such file or directory in C:\htdocs\BookStore\index.php on line 16
[12-Jan-2017 18:54:27 Europe/Berlin] PHP Fatal error:  require_once(): Failed opening required 'maintenance.php' (include_path='C:\xampp\php\pear\PEAR') in C:\htdocs\BookStore\index.php on line 16
[12-Jan-2017 18:54:39 Europe/Berlin] PHP Notice:  Undefined variable: authorsResult in C:\htdocs\BookStore\temp\new-book.php on line 12
[12-Jan-2017 18:54:39 Europe/Berlin] PHP Notice:  Undefined variable: authorsResult in C:\htdocs\BookStore\temp\new-book.php on line 13
[12-Jan-2017 18:54:39 Europe/Berlin] PHP Fatal error:  Uncaught Error: Call to a member function fetch_assoc() on null in C:\htdocs\BookStore\temp\new-book.php:13
Stack trace:
#0 C:\htdocs\BookStore\temp\layouts\def_layout.php(24): include()
#1 C:\htdocs\BookStore\inc\function.php(3): include('C:\\htdocs\\BookS...')
#2 C:\htdocs\BookStore\index.php(48): render(Array, 'temp/layouts/de...')
#3 {main}
  thrown in C:\htdocs\BookStore\temp\new-book.php on line 13
[12-Jan-2017 18:54:39 Europe/Berlin] PHP Warning:  require_once(maintenance.php): failed to open stream: No such file or directory in C:\htdocs\BookStore\index.php on line 16
[12-Jan-2017 18:54:39 Europe/Berlin] PHP Fatal error:  require_once(): Failed opening required 'maintenance.php' (include_path='C:\xampp\php\pear\PEAR') in C:\htdocs\BookStore\index.php on line 16
[12-Jan-2017 18:54:54 Europe/Berlin] PHP Notice:  Undefined variable: authorsResult in C:\htdocs\BookStore\temp\new-book.php on line 2
[12-Jan-2017 18:54:54 Europe/Berlin] PHP Notice:  Undefined variable: authorsResult in C:\htdocs\BookStore\temp\new-book.php on line 12
[12-Jan-2017 18:54:54 Europe/Berlin] PHP Notice:  Undefined variable: authorsResult in C:\htdocs\BookStore\temp\new-book.php on line 13
[12-Jan-2017 18:54:54 Europe/Berlin] PHP Fatal error:  Uncaught Error: Call to a member function fetch_assoc() on null in C:\htdocs\BookStore\temp\new-book.php:13
Stack trace:
#0 C:\htdocs\BookStore\temp\layouts\def_layout.php(24): include()
#1 C:\htdocs\BookStore\inc\function.php(3): include('C:\\htdocs\\BookS...')
#2 C:\htdocs\BookStore\index.php(48): render(Array, 'temp/layouts/de...')
#3 {main}
  thrown in C:\htdocs\BookStore\temp\new-book.php on line 13
[12-Jan-2017 18:54:54 Europe/Berlin] PHP Warning:  require_once(maintenance.php): failed to open stream: No such file or directory in C:\htdocs\BookStore\index.php on line 16
[12-Jan-2017 18:54:54 Europe/Berlin] PHP Fatal error:  require_once(): Failed opening required 'maintenance.php' (include_path='C:\xampp\php\pear\PEAR') in C:\htdocs\BookStore\index.php on line 16
[12-Jan-2017 18:56:11 Europe/Berlin] PHP Notice:  Undefined index: author_name in C:\htdocs\BookStore\inc\stmt.php on line 38
[12-Jan-2017 18:56:32 Europe/Berlin] PHP Notice:  Undefined index: author_name in C:\htdocs\BookStore\inc\stmt.php on line 38
[12-Jan-2017 18:56:39 Europe/Berlin] PHP Notice:  Undefined index: author_name in C:\htdocs\BookStore\inc\stmt.php on line 38
[12-Jan-2017 18:56:53 Europe/Berlin] PHP Notice:  Undefined index: author_name in C:\htdocs\BookStore\inc\stmt.php on line 38
[12-Jan-2017 18:57:02 Europe/Berlin] PHP Notice:  Undefined index: author_name in C:\htdocs\BookStore\inc\stmt.php on line 38
[12-Jan-2017 21:21:59 Europe/Berlin] PHP Notice:  Undefined index: author_name in C:\htdocs\BookStore\inc\stmt.php on line 38
[12-Jan-2017 21:22:03 Europe/Berlin] PHP Notice:  Undefined index: author_name in C:\htdocs\BookStore\inc\stmt.php on line 38
[12-Jan-2017 21:22:33 Europe/Berlin] PHP Notice:  Undefined index: author_name in C:\htdocs\BookStore\inc\stmt.php on line 38
[12-Jan-2017 21:22:43 Europe/Berlin] PHP Notice:  Undefined index: author_name in C:\htdocs\BookStore\inc\stmt.php on line 38
[12-Jan-2017 21:31:50 Europe/Berlin] PHP Notice:  Undefined index: author_name in C:\htdocs\BookStore\inc\stmt.php on line 38
[12-Jan-2017 21:31:50 Europe/Berlin] PHP Notice:  Undefined variable: book in C:\htdocs\BookStore\inc\stmt.php on line 63
[12-Jan-2017 21:31:50 Europe/Berlin] PHP Notice:  Undefined variable: checkBook in C:\htdocs\BookStore\temp\new-book.php on line 26
[12-Jan-2017 21:31:50 Europe/Berlin] PHP Notice:  Trying to get property of non-object in C:\htdocs\BookStore\temp\new-book.php on line 26
[12-Jan-2017 21:31:50 Europe/Berlin] PHP Notice:  Undefined index: authors in C:\htdocs\BookStore\temp\new-book.php on line 30
[12-Jan-2017 21:31:50 Europe/Berlin] PHP Warning:  Invalid argument supplied for foreach() in C:\htdocs\BookStore\temp\new-book.php on line 30
[12-Jan-2017 21:32:05 Europe/Berlin] PHP Notice:  Undefined index: author_name in C:\htdocs\BookStore\inc\stmt.php on line 38
[12-Jan-2017 21:32:05 Europe/Berlin] PHP Notice:  Undefined variable: book in C:\htdocs\BookStore\inc\stmt.php on line 63
[12-Jan-2017 21:32:05 Europe/Berlin] PHP Notice:  Undefined variable: checkBook in C:\htdocs\BookStore\temp\new-book.php on line 26
[12-Jan-2017 21:32:05 Europe/Berlin] PHP Notice:  Trying to get property of non-object in C:\htdocs\BookStore\temp\new-book.php on line 26
[12-Jan-2017 21:32:08 Europe/Berlin] PHP Notice:  Undefined index: author_name in C:\htdocs\BookStore\inc\stmt.php on line 38
[12-Jan-2017 21:32:08 Europe/Berlin] PHP Notice:  Undefined variable: book in C:\htdocs\BookStore\inc\stmt.php on line 63
[12-Jan-2017 21:32:08 Europe/Berlin] PHP Notice:  Undefined variable: checkBook in C:\htdocs\BookStore\temp\new-book.php on line 26
[12-Jan-2017 21:32:08 Europe/Berlin] PHP Notice:  Trying to get property of non-object in C:\htdocs\BookStore\temp\new-book.php on line 26
[12-Jan-2017 21:32:08 Europe/Berlin] PHP Notice:  Undefined index: authors in C:\htdocs\BookStore\temp\new-book.php on line 30
[12-Jan-2017 21:32:08 Europe/Berlin] PHP Warning:  Invalid argument supplied for foreach() in C:\htdocs\BookStore\temp\new-book.php on line 30
[12-Jan-2017 21:32:35 Europe/Berlin] PHP Notice:  Undefined index: author_name in C:\htdocs\BookStore\inc\stmt.php on line 38
[12-Jan-2017 21:32:35 Europe/Berlin] PHP Notice:  Undefined variable: book in C:\htdocs\BookStore\inc\stmt.php on line 63
[12-Jan-2017 21:32:35 Europe/Berlin] PHP Notice:  Undefined index: authors in C:\htdocs\BookStore\temp\new-book.php on line 30
[12-Jan-2017 21:32:35 Europe/Berlin] PHP Warning:  Invalid argument supplied for foreach() in C:\htdocs\BookStore\temp\new-book.php on line 30
[12-Jan-2017 21:33:03 Europe/Berlin] PHP Notice:  Undefined index: author_name in C:\htdocs\BookStore\inc\stmt.php on line 38
[12-Jan-2017 21:33:03 Europe/Berlin] PHP Notice:  Undefined variable: book in C:\htdocs\BookStore\inc\stmt.php on line 63
[12-Jan-2017 21:33:03 Europe/Berlin] PHP Notice:  Undefined index: authors in C:\htdocs\BookStore\temp\new-book.php on line 32
[12-Jan-2017 21:33:03 Europe/Berlin] PHP Warning:  Invalid argument supplied for foreach() in C:\htdocs\BookStore\temp\new-book.php on line 32
[12-Jan-2017 21:33:10 Europe/Berlin] PHP Notice:  Undefined index: author_name in C:\htdocs\BookStore\inc\stmt.php on line 38
[12-Jan-2017 21:33:10 Europe/Berlin] PHP Notice:  Undefined variable: book in C:\htdocs\BookStore\inc\stmt.php on line 63
[12-Jan-2017 21:33:10 Europe/Berlin] PHP Notice:  Undefined index: authors in C:\htdocs\BookStore\temp\new-book.php on line 32
[12-Jan-2017 21:33:10 Europe/Berlin] PHP Warning:  Invalid argument supplied for foreach() in C:\htdocs\BookStore\temp\new-book.php on line 32
[12-Jan-2017 21:36:36 Europe/Berlin] PHP Notice:  Undefined variable: asd in C:\htdocs\BookStore\index.php on line 47
[12-Jan-2017 21:36:36 Europe/Berlin] PHP Notice:  Undefined index: author_name in C:\htdocs\BookStore\inc\stmt.php on line 38
[12-Jan-2017 21:36:36 Europe/Berlin] PHP Notice:  Undefined variable: book in C:\htdocs\BookStore\inc\stmt.php on line 63
[12-Jan-2017 21:36:36 Europe/Berlin] PHP Notice:  Undefined index: authors in C:\htdocs\BookStore\temp\new-book.php on line 32
[12-Jan-2017 21:36:36 Europe/Berlin] PHP Warning:  Invalid argument supplied for foreach() in C:\htdocs\BookStore\temp\new-book.php on line 32
[12-Jan-2017 21:37:04 Europe/Berlin] PHP Notice:  Undefined index: author_name in C:\htdocs\BookStore\inc\stmt.php on line 38
[12-Jan-2017 21:37:04 Europe/Berlin] PHP Notice:  Undefined variable: book in C:\htdocs\BookStore\inc\stmt.php on line 63
[12-Jan-2017 23:16:12 Europe/Berlin] PHP Notice:  Undefined index: author_name in C:\htdocs\BookStore\inc\stmt.php on line 38
[12-Jan-2017 23:16:12 Europe/Berlin] PHP Notice:  Undefined variable: book in C:\htdocs\BookStore\inc\stmt.php on line 63
[12-Jan-2017 23:16:21 Europe/Berlin] PHP Notice:  Undefined index: author_name in C:\htdocs\BookStore\inc\stmt.php on line 38
[12-Jan-2017 23:16:21 Europe/Berlin] PHP Notice:  Undefined variable: book in C:\htdocs\BookStore\inc\stmt.php on line 63
