[12-Jan-2017 13:07:54 Europe/Berlin] PHP Fatal error:  Uncaught Error: Call to a member function execute() on boolean in C:\htdocs\BookStore\inc\stmt.php:33
Stack trace:
#0 C:\htdocs\BookStore\temp\authors.php(28): require_once()
#1 {main}
  thrown in C:\htdocs\BookStore\inc\stmt.php on line 33
[12-Jan-2017 13:07:54 Europe/Berlin] PHP Warning:  require_once(../maintenance.php): failed to open stream: No such file or directory in C:\htdocs\BookStore\temp\authors.php on line 15
[12-Jan-2017 13:07:54 Europe/Berlin] PHP Fatal error:  require_once(): Failed opening required '../maintenance.php' (include_path='C:\xampp\php\pear\PEAR') in C:\htdocs\BookStore\temp\authors.php on line 15
[12-Jan-2017 13:08:00 Europe/Berlin] PHP Fatal error:  Uncaught Error: Call to a member function execute() on boolean in C:\htdocs\BookStore\inc\stmt.php:33
Stack trace:
#0 C:\htdocs\BookStore\temp\authors.php(28): require_once()
#1 {main}
  thrown in C:\htdocs\BookStore\inc\stmt.php on line 33
[12-Jan-2017 13:08:00 Europe/Berlin] PHP Warning:  require_once(../maintenance.php): failed to open stream: No such file or directory in C:\htdocs\BookStore\temp\authors.php on line 15
[12-Jan-2017 13:08:00 Europe/Berlin] PHP Fatal error:  require_once(): Failed opening required '../maintenance.php' (include_path='C:\xampp\php\pear\PEAR') in C:\htdocs\BookStore\temp\authors.php on line 15
[12-Jan-2017 13:08:07 Europe/Berlin] PHP Fatal error:  Uncaught Error: Call to a member function execute() on boolean in C:\htdocs\BookStore\inc\stmt.php:33
Stack trace:
#0 C:\htdocs\BookStore\temp\authors.php(28): require_once()
#1 {main}
  thrown in C:\htdocs\BookStore\inc\stmt.php on line 33
[12-Jan-2017 13:21:51 Europe/Berlin] PHP Fatal error:  Uncaught Error: Call to a member function execute() on boolean in C:\htdocs\BookStore\inc\stmt.php:50
Stack trace:
#0 C:\htdocs\BookStore\temp\authors.php(28): require_once()
#1 {main}
  thrown in C:\htdocs\BookStore\inc\stmt.php on line 50
